{"message":"Connected","level":"info"}
{"message":"Logged in as: ","level":"info"}
{"message":"NatrammerBot - (699762478632009828)","level":"info"}
{"message":"error :Error: ENOENT: no such file or directory, open './responses.json'","level":"info"}
{"message":"error :Error: ENOENT: no such file or directory, open './responses.json'","level":"info"}
{"message":"error :Error: ENOENT: no such file or directory, open './responses.json'","level":"info"}
{"message":"error :Error: ENOENT: no such file or directory, open './responses.json'","level":"info"}
{"message":"error :Error: ENOENT: no such file or directory, open './responses.json'","level":"info"}
{"message":"Connected","level":"info"}
{"message":"Logged in as: ","level":"info"}
{"message":"NatrammerBot - (699762478632009828)","level":"info"}
{"message":"error :Error: ENOENT: no such file or directory, open './responses.json'","level":"info"}
{"message":"error :Error: ENOENT: no such file or directory, open './responses.json'","level":"info"}
{"message":"error :Error: ENOENT: no such file or directory, open './responses.json'","level":"info"}
{"message":"error :Error: ENOENT: no such file or directory, open './responses.json'","level":"info"}
{"message":"Connected","level":"info"}
{"message":"Logged in as: ","level":"info"}
{"message":"NatrammerBot - (699762478632009828)","level":"info"}
{"message":"error :Error: ENOENT: no such file or directory, open './responses.json'","level":"info"}
{"message":"error :Error: ENOENT: no such file or directory, open './responses.json'","level":"info"}
{"message":"error :Error: ENOENT: no such file or directory, open './responses.json'","level":"info"}
{"message":"error :Error: ENOENT: no such file or directory, open './responses.json'","level":"info"}
{"message":"error :Error: ENOENT: no such file or directory, open './responses.json'","level":"info"}
{"message":"error :Error: ENOENT: no such file or directory, open './responses.json'","level":"info"}
{"message":"error :Error: ENOENT: no such file or directory, open './responses.json'","level":"info"}
{"message":"error :Error: ENOENT: no such file or directory, open './responses.json'","level":"info"}
{"message":"error :Error: ENOENT: no such file or directory, open './responses.json'","level":"info"}
{"message":"error :Error: ENOENT: no such file or directory, open './responses.json'","level":"info"}
{"message":"Connected","level":"info"}
{"message":"Logged in as: ","level":"info"}
{"message":"NatrammerBot - (699762478632009828)","level":"info"}
{"message":"error :Error: ENOENT: no such file or directory, open './responses.json'","level":"info"}
{"message":"error :Error: ENOENT: no such file or directory, open './responses.json'","level":"info"}
{"message":"error :Error: ENOENT: no such file or directory, open './responses.json'","level":"info"}
{"message":"error :Error: ENOENT: no such file or directory, open './responses.json'","level":"info"}
{"message":"error :Error: ENOENT: no such file or directory, open './responses.json'","level":"info"}
{"message":"error :Error: ENOENT: no such file or directory, open './responses.json'","level":"info"}
{"message":"error :Error: ENOENT: no such file or directory, open './responses.json'","level":"info"}
{"message":"error :Error: ENOENT: no such file or directory, open './responses.json'","level":"info"}
{"message":"error :Error: ENOENT: no such file or directory, open './responses.json'","level":"info"}
{"message":"error :Error: ENOENT: no such file or directory, open './responses.json'","level":"info"}
{"message":"error :Error: ENOENT: no such file or directory, open './responses.json'","level":"info"}
{"message":"error :Error: ENOENT: no such file or directory, open './responses.json'","level":"info"}
{"message":"error :Error: ENOENT: no such file or directory, open './responses.json'","level":"info"}
{"message":"error :Error: ENOENT: no such file or directory, open './responses.json'","level":"info"}
{"message":"error :Error: ENOENT: no such file or directory, open './responses.json'","level":"info"}
{"message":"error :Error: ENOENT: no such file or directory, open './responses.json'","level":"info"}
{"message":"Connected","level":"info"}
{"message":"Logged in as: ","level":"info"}
{"message":"NatrammerBot - (699762478632009828)","level":"info"}
{"message":"error :Error: ENOENT: no such file or directory, open './responses.json'","level":"info"}
{"message":"Connected","level":"info"}
{"message":"Logged in as: ","level":"info"}
{"message":"NatrammerBot - (699762478632009828)","level":"info"}
{"message":"error :Error: ENOENT: no such file or directory, open './responses.json'","level":"info"}
{"message":"error :Error: ENOENT: no such file or directory, open './responses.json'","level":"info"}
{"message":"error :Error: ENOENT: no such file or directory, open './responses.json'","level":"info"}
{"message":"error :Error: ENOENT: no such file or directory, open './responses.json'","level":"info"}
{"message":"error :Error: ENOENT: no such file or directory, open './responses.json'","level":"info"}
{"message":"error :Error: ENOENT: no such file or directory, open './responses.json'","level":"info"}
{"message":"Connected","level":"info"}
{"message":"Logged in as: ","level":"info"}
{"message":"NatrammerBot - (699762478632009828)","level":"info"}
{"message":"error :Error: ENOENT: no such file or directory, open './responses.json'","level":"info"}
{"message":"error :Error: ENOENT: no such file or directory, open './responses.json'","level":"info"}
{"message":"Connected","level":"info"}
{"message":"Logged in as: ","level":"info"}
{"message":"NatrammerBot - (699762478632009828)","level":"info"}
{"message":"error :Error: ENOENT: no such file or directory, open './responses.json'","level":"info"}
{"message":"error :Error: ENOENT: no such file or directory, open './responses.json'","level":"info"}
{"message":"error :Error: ENOENT: no such file or directory, open './responses.json'","level":"info"}
{"message":"Connected","level":"info"}
{"message":"Logged in as: ","level":"info"}
{"message":"NatrammerBot - (699762478632009828)","level":"info"}
{"message":"error :Error: ENOENT: no such file or directory, open './responses.json'","level":"info"}
{"message":"error :Error: ENOENT: no such file or directory, open './responses.json'","level":"info"}
{"message":"error :Error: ENOENT: no such file or directory, open './responses.json'","level":"info"}
{"message":"error :Error: ENOENT: no such file or directory, open './responses.json'","level":"info"}
{"message":"error :Error: ENOENT: no such file or directory, open './responses.json'","level":"info"}
{"message":"error :Error: ENOENT: no such file or directory, open './responses.json'","level":"info"}
{"message":"error :Error: ENOENT: no such file or directory, open './responses.json'","level":"info"}
{"message":"error :Error: ENOENT: no such file or directory, open './responses.json'","level":"info"}
{"message":"error :Error: ENOENT: no such file or directory, open './responses.json'","level":"info"}
{"message":"error :Error: ENOENT: no such file or directory, open './responses.json'","level":"info"}
{"message":"error :Error: ENOENT: no such file or directory, open './responses.json'","level":"info"}
{"message":"error :Error: ENOENT: no such file or directory, open './responses.json'","level":"info"}
{"message":"error :Error: ENOENT: no such file or directory, open './responses.json'","level":"info"}
{"message":"error :Error: ENOENT: no such file or directory, open './responses.json'","level":"info"}
{"message":"error :Error: ENOENT: no such file or directory, open './responses.json'","level":"info"}
{"message":"error :Error: ENOENT: no such file or directory, open './responses.json'","level":"info"}
{"message":"error :Error: ENOENT: no such file or directory, open './responses.json'","level":"info"}
{"message":"error :Error: ENOENT: no such file or directory, open './responses.json'","level":"info"}
{"message":"Connected","level":"info"}
{"message":"Logged in as: ","level":"info"}
{"message":"NatrammerBot - (699762478632009828)","level":"info"}
{"message":"error :Error: ENOENT: no such file or directory, open './responses.json'","level":"info"}
{"message":"error :Error: ENOENT: no such file or directory, open './responses.json'","level":"info"}
{"message":"error :Error: ENOENT: no such file or directory, open './responses.json'","level":"info"}
{"message":"error :Error: ENOENT: no such file or directory, open './responses.json'","level":"info"}
{"message":"error :Error: ENOENT: no such file or directory, open './responses.json'","level":"info"}
{"message":"error :Error: ENOENT: no such file or directory, open './responses.json'","level":"info"}
{"message":"error :Error: ENOENT: no such file or directory, open './responses.json'","level":"info"}
{"message":"error :Error: ENOENT: no such file or directory, open './responses.json'","level":"info"}
{"message":"error :Error: ENOENT: no such file or directory, open './responses.json'","level":"info"}
{"message":"Connected","level":"info"}
{"message":"Logged in as: ","level":"info"}
{"message":"NatrammerBot - (699762478632009828)","level":"info"}
{"message":"error :Error: ENOENT: no such file or directory, open 'responses.json'","level":"info"}
{"message":"error :Error: ENOENT: no such file or directory, open 'responses.json'","level":"info"}
{"message":"error :Error: ENOENT: no such file or directory, open 'responses.json'","level":"info"}
{"message":"error :Error: ENOENT: no such file or directory, open 'responses.json'","level":"info"}
{"message":"error :Error: ENOENT: no such file or directory, open 'responses.json'","level":"info"}
{"message":"error :Error: ENOENT: no such file or directory, open 'responses.json'","level":"info"}
{"message":"error :Error: ENOENT: no such file or directory, open 'responses.json'","level":"info"}
{"message":"error :Error: ENOENT: no such file or directory, open 'responses.json'","level":"info"}
{"message":"error :Error: ENOENT: no such file or directory, open 'responses.json'","level":"info"}
{"message":"error :Error: ENOENT: no such file or directory, open 'responses.json'","level":"info"}
{"message":"error :Error: ENOENT: no such file or directory, open 'responses.json'","level":"info"}
{"message":"error :Error: ENOENT: no such file or directory, open 'responses.json'","level":"info"}
{"message":"error :Error: ENOENT: no such file or directory, open 'responses.json'","level":"info"}
{"message":"Connected","level":"info"}
{"message":"Logged in as: ","level":"info"}
{"message":"NatrammerBot - (699762478632009828)","level":"info"}
{"message":"Connected","level":"info"}
{"message":"Logged in as: ","level":"info"}
{"message":"NatrammerBot - (699762478632009828)","level":"info"}
{"message":"Connected","level":"info"}
{"message":"Logged in as: ","level":"info"}
{"message":"NatrammerBot - (699762478632009828)","level":"info"}
{"message":"Connected","level":"info"}
{"message":"Logged in as: ","level":"info"}
{"message":"NatrammerBot - (699762478632009828)","level":"info"}
{"message":"Connected","level":"info"}
{"message":"Logged in as: ","level":"info"}
{"message":"NatrammerBot - (699762478632009828)","level":"info"}
{"message":"Connected","level":"info"}
{"message":"Logged in as: ","level":"info"}
{"message":"NatrammerBot - (699762478632009828)","level":"info"}
{"message":"Connected","level":"info"}
{"message":"Logged in as: ","level":"info"}
{"message":"NatrammerBot - (699762478632009828)","level":"info"}
{"message":"Connected","level":"info"}
{"message":"Logged in as: ","level":"info"}
{"message":"NatrammerBot - (699762478632009828)","level":"info"}
{"message":"Connected","level":"info"}
{"message":"Logged in as: ","level":"info"}
{"message":"NatrammerBot - (699762478632009828)","level":"info"}
{"message":"Connected","level":"info"}
{"message":"Logged in as: ","level":"info"}
{"message":"NatrammerBot - (699762478632009828)","level":"info"}
{"message":"Connected","level":"info"}
{"message":"Logged in as: ","level":"info"}
{"message":"NatrammerBot - (699762478632009828)","level":"info"}
{"message":"Connected","level":"info"}
{"message":"Logged in as: ","level":"info"}
{"message":"NatrammerBot - (699762478632009828)","level":"info"}
{"message":"error :SyntaxError: Unexpected end of JSON input","level":"info"}
{"message":"Connected","level":"info"}
{"message":"Logged in as: ","level":"info"}
{"message":"NatrammerBot - (699762478632009828)","level":"info"}
{"message":"Connected","level":"info"}
{"message":"Logged in as: ","level":"info"}
{"message":"NatrammerBot - (699762478632009828)","level":"info"}
{"message":"Connected","level":"info"}
{"message":"Logged in as: ","level":"info"}
{"message":"NatrammerBot - (699762478632009828)","level":"info"}
{"message":"Connected","level":"info"}
{"message":"Logged in as: ","level":"info"}
{"message":"NatrammerBot - (699762478632009828)","level":"info"}
{"message":"Connected","level":"info"}
{"message":"Logged in as: ","level":"info"}
{"message":"NatrammerBot - (699762478632009828)","level":"info"}
{"message":"Connected","level":"info"}
{"message":"Logged in as: ","level":"info"}
{"message":"NatrammerBot - (699762478632009828)","level":"info"}
{"message":"Connected","level":"info"}
{"message":"Logged in as: ","level":"info"}
{"message":"NatrammerBot - (699762478632009828)","level":"info"}
{"message":"Connected","level":"info"}
{"message":"Logged in as: ","level":"info"}
{"message":"NatrammerBot - (699762478632009828)","level":"info"}
{"message":"Connected","level":"info"}
{"message":"Logged in as: ","level":"info"}
{"message":"NatrammerBot - (699762478632009828)","level":"info"}
{"message":"Connected","level":"info"}
{"message":"Logged in as: ","level":"info"}
{"message":"NatrammerBot - (699762478632009828)","level":"info"}
{"message":"Connected","level":"info"}
{"message":"Logged in as: ","level":"info"}
{"message":"NatrammerBot - (699762478632009828)","level":"info"}
{"message":"error :SyntaxError: Unexpected end of JSON input","level":"info"}
{"message":"Connected","level":"info"}
{"message":"Logged in as: ","level":"info"}
{"message":"NatrammerBot - (699762478632009828)","level":"info"}
{"message":"Connected","level":"info"}
{"message":"Logged in as: ","level":"info"}
{"message":"NatrammerBot - (699762478632009828)","level":"info"}
{"message":"Connected","level":"info"}
{"message":"Logged in as: ","level":"info"}
{"message":"NatrammerBot - (699762478632009828)","level":"info"}
{"message":"Connected","level":"info"}
{"message":"Logged in as: ","level":"info"}
{"message":"NatrammerBot - (699762478632009828)","level":"info"}
{"message":"Connected","level":"info"}
{"message":"Logged in as: ","level":"info"}
{"message":"NatrammerBot - (699762478632009828)","level":"info"}
{"message":"error :SyntaxError: Unexpected end of JSON input","level":"info"}
{"message":"error :SyntaxError: Unexpected end of JSON input","level":"info"}
{"message":"error :SyntaxError: Unexpected end of JSON input","level":"info"}
{"message":"Connected","level":"info"}
{"message":"Logged in as: ","level":"info"}
{"message":"NatrammerBot - (699762478632009828)","level":"info"}
{"message":"Connected","level":"info"}
{"message":"Logged in as: ","level":"info"}
{"message":"NatrammerBot - (699762478632009828)","level":"info"}
{"message":"Connected","level":"info"}
{"message":"Logged in as: ","level":"info"}
{"message":"NatrammerBot - (699762478632009828)","level":"info"}
{"message":"Connected","level":"info"}
{"message":"Logged in as: ","level":"info"}
{"message":"NatrammerBot - (699762478632009828)","level":"info"}
{"message":"Connected","level":"info"}
{"message":"Logged in as: ","level":"info"}
{"message":"NatrammerBot - (699762478632009828)","level":"info"}
{"message":"Connected","level":"info"}
{"message":"Logged in as: ","level":"info"}
{"message":"NatrammerBot - (699762478632009828)","level":"info"}
{"message":"Connected","level":"info"}
{"message":"Logged in as: ","level":"info"}
{"message":"NatrammerBot - (699762478632009828)","level":"info"}
{"message":"Connected","level":"info"}
{"message":"Logged in as: ","level":"info"}
{"message":"NatrammerBot - (699762478632009828)","level":"info"}
{"message":"Connected","level":"info"}
{"message":"Logged in as: ","level":"info"}
{"message":"NatrammerBot - (699762478632009828)","level":"info"}
{"message":"Connected","level":"info"}
{"message":"Logged in as: ","level":"info"}
{"message":"NatrammerBot - (699762478632009828)","level":"info"}
{"message":"Connected","level":"info"}
{"message":"Logged in as: ","level":"info"}
{"message":"NatrammerBot - (699762478632009828)","level":"info"}
{"message":"Connected","level":"info"}
{"message":"Logged in as: ","level":"info"}
{"message":"NatrammerBot - (699762478632009828)","level":"info"}
{"message":"Connected","level":"info"}
{"message":"Logged in as: ","level":"info"}
{"message":"NatrammerBot - (699762478632009828)","level":"info"}
{"message":"Connected","level":"info"}
{"message":"Logged in as: ","level":"info"}
{"message":"NatrammerBot - (699762478632009828)","level":"info"}
{"message":"Connected","level":"info"}
{"message":"Logged in as: ","level":"info"}
{"message":"NatrammerBot - (699762478632009828)","level":"info"}
{"message":"Connected","level":"info"}
{"message":"Logged in as: ","level":"info"}
{"message":"NatrammerBot - (699762478632009828)","level":"info"}
{"message":"Connected","level":"info"}
{"message":"Logged in as: ","level":"info"}
{"message":"NatrammerBot - (699762478632009828)","level":"info"}
{"message":"Connected","level":"info"}
{"message":"Logged in as: ","level":"info"}
{"message":"NatrammerBot - (699762478632009828)","level":"info"}
{"message":"Connected","level":"info"}
{"message":"Logged in as: ","level":"info"}
{"message":"NatrammerBot - (699762478632009828)","level":"info"}
{"message":"Connected","level":"info"}
{"message":"Logged in as: ","level":"info"}
{"message":"NatrammerBot - (699762478632009828)","level":"info"}
{"message":"Connected","level":"info"}
{"message":"Logged in as: ","level":"info"}
{"message":"NatrammerBot - (699762478632009828)","level":"info"}
{"message":"Connected","level":"info"}
{"message":"Logged in as: ","level":"info"}
{"message":"NatrammerBot - (699762478632009828)","level":"info"}
{"message":"Connected","level":"info"}
{"message":"Logged in as: ","level":"info"}
{"message":"NatrammerBot - (699762478632009828)","level":"info"}
{"message":"Connected","level":"info"}
{"message":"Logged in as: ","level":"info"}
{"message":"NatrammerBot - (699762478632009828)","level":"info"}
{"message":"error :SyntaxError: Unexpected end of JSON input","level":"info"}
{"message":"Connected","level":"info"}
{"message":"Logged in as: ","level":"info"}
{"message":"NatrammerBot - (699762478632009828)","level":"info"}
{"message":"Connected","level":"info"}
{"message":"Logged in as: ","level":"info"}
{"message":"NatrammerBot - (699762478632009828)","level":"info"}
{"message":"Connected","level":"info"}
{"message":"Logged in as: ","level":"info"}
{"message":"NatrammerBot - (699762478632009828)","level":"info"}
{"message":"Connected","level":"info"}
{"message":"Logged in as: ","level":"info"}
{"message":"NatrammerBot - (699762478632009828)","level":"info"}
{"message":"Connected","level":"info"}
{"message":"Logged in as: ","level":"info"}
{"message":"NatrammerBot - (699762478632009828)","level":"info"}
{"message":"Connected","level":"info"}
{"message":"Logged in as: ","level":"info"}
{"message":"NatrammerBot - (699762478632009828)","level":"info"}
{"message":"Connected","level":"info"}
{"message":"Logged in as: ","level":"info"}
{"message":"NatrammerBot - (699762478632009828)","level":"info"}
{"message":"Connected","level":"info"}
{"message":"Logged in as: ","level":"info"}
{"message":"NatrammerBot - (699762478632009828)","level":"info"}
{"message":"Connected","level":"info"}
{"message":"Logged in as: ","level":"info"}
{"message":"NatrammerBot - (699762478632009828)","level":"info"}
{"message":"Connected","level":"info"}
{"message":"Logged in as: ","level":"info"}
{"message":"NatrammerBot - (699762478632009828)","level":"info"}
{"message":"Connected","level":"info"}
{"message":"Logged in as: ","level":"info"}
{"message":"NatrammerBot - (699762478632009828)","level":"info"}
{"message":"Connected","level":"info"}
{"message":"Logged in as: ","level":"info"}
{"message":"NatrammerBot - (699762478632009828)","level":"info"}
{"message":"Connected","level":"info"}
{"message":"Logged in as: ","level":"info"}
{"message":"NatrammerBot - (699762478632009828)","level":"info"}
{"message":"Connected","level":"info"}
{"message":"Logged in as: ","level":"info"}
{"message":"NatrammerBot - (699762478632009828)","level":"info"}
{"message":"Connected","level":"info"}
{"message":"Logged in as: ","level":"info"}
{"message":"NatrammerBot - (699762478632009828)","level":"info"}
{"message":"Connected","level":"info"}
{"message":"Logged in as: ","level":"info"}
{"message":"NatrammerBot - (699762478632009828)","level":"info"}
{"message":"Connected","level":"info"}
{"message":"Logged in as: ","level":"info"}
{"message":"NatrammerBot - (699762478632009828)","level":"info"}
{"message":"Connected","level":"info"}
{"message":"Logged in as: ","level":"info"}
{"message":"NatrammerBot - (699762478632009828)","level":"info"}
{"message":{"shard":null,"users":[],"guilds":[],"channels":[],"user":null},"level":"info"}
{"message":{"shard":null,"users":[],"guilds":[],"channels":[],"user":null},"level":"info"}
{"message":{"shard":null,"users":[],"guilds":[],"channels":[],"user":null},"level":"info"}
{"message":"Connected","level":"info"}
{"message":"Logged in as: ","level":"info"}
{"message":"undefined - (undefined)","level":"info"}
{"message":{"shard":null,"users":[],"guilds":[],"channels":[],"user":null},"level":"info"}
{"message":"Connected","level":"info"}
{"message":"Logged in as: ","level":"info"}
{"message":"undefined - (undefined)","level":"info"}
{"message":{"shard":null,"users":[],"guilds":[],"channels":[],"user":null},"level":"info"}
{"message":"Connected","level":"info"}
{"message":"Logged in as: ","level":"info"}
{"message":" - (undefined)","level":"info"}
{"message":{"shard":null,"users":[],"guilds":[],"channels":[],"user":null},"level":"info"}
{"message":"Connected","level":"info"}
{"message":"Logged in as: ","level":"info"}
{"message":"699762478632009828 - (undefined)","level":"info"}
{"message":{"shard":null,"users":[],"guilds":[],"channels":[],"user":null},"level":"info"}
{"message":"Connected","level":"info"}
{"message":"Logged in as: ","level":"info"}
{"message":{"id":"699762478632009828","bot":true,"username":"NatrammerBot","discriminator":"1203","avatar":null,"lastMessageChannelID":null,"verified":true,"mfaEnabled":false,"createdTimestamp":1586906775864,"defaultAvatarURL":"https://cdn.discordapp.com/embed/avatars/3.png","tag":"NatrammerBot#1203","avatarURL":null,"displayAvatarURL":"https://cdn.discordapp.com/embed/avatars/3.png"},"level":"info"}
{"message":{"shard":null,"users":[],"guilds":[],"channels":[],"user":null},"level":"info"}
{"message":"Connected","level":"info"}
{"message":"Logged in as: ","level":"info"}
{"message":"NatrammerBot#1203","level":"info"}
{"message":{"shard":null,"users":[],"guilds":[],"channels":[],"user":null},"level":"info"}
{"message":"Connected","level":"info"}
{"message":"Logged in as: ","level":"info"}
{"message":"NatrammerBot#1203","level":"info"}
{"message":{"shard":null,"users":[],"guilds":[],"channels":[],"user":null},"level":"info"}
{"message":"Connected","level":"info"}
{"message":"Logged in as: ","level":"info"}
{"message":"NatrammerBot#1203","level":"info"}
{"message":{"shard":null,"users":[],"guilds":[],"channels":[],"user":null},"level":"info"}
{"message":"Connected","level":"info"}
{"message":"Logged in as: ","level":"info"}
{"message":"NatrammerBot#1203","level":"info"}
{"message":{"shard":null,"users":[],"guilds":[],"channels":[],"user":null},"level":"info"}
{"message":"Connected","level":"info"}
{"message":"Logged in as: ","level":"info"}
{"message":"NatrammerBot#1203","level":"info"}
{"message":{"shard":null,"users":[],"guilds":[],"channels":[],"user":null},"level":"info"}
{"message":"Connected","level":"info"}
{"message":"Logged in as: ","level":"info"}
{"message":"NatrammerBot#1203","level":"info"}
{"message":{"shard":null,"users":[],"guilds":[],"channels":[],"user":null},"level":"info"}
{"message":"Connected","level":"info"}
{"message":"Logged in as: ","level":"info"}
{"message":"NatrammerBot#1203","level":"info"}
{"message":{"shard":null,"users":[],"guilds":[],"channels":[],"user":null},"level":"info"}
{"message":"Connected","level":"info"}
{"message":"Logged in as: ","level":"info"}
{"message":"NatrammerBot#1203","level":"info"}
{"message":{"shard":null,"users":[],"guilds":[],"channels":[],"user":null},"level":"info"}
{"message":"Connected","level":"info"}
{"message":"Logged in as: ","level":"info"}
{"message":"NatrammerBot#1203","level":"info"}
{"message":{"shard":null,"users":[],"guilds":[],"channels":[],"user":null},"level":"info"}
{"message":"Connected","level":"info"}
{"message":"Logged in as: ","level":"info"}
{"message":"NatrammerBot#1203","level":"info"}
{"message":{"shard":null,"users":[],"guilds":[],"channels":[],"user":null},"level":"info"}
{"message":"Connected","level":"info"}
{"message":"Logged in as: ","level":"info"}
{"message":"NatrammerBot#1203","level":"info"}
{"message":{"shard":null,"users":[],"guilds":[],"channels":[],"user":null},"level":"info"}
{"message":"Connected","level":"info"}
{"message":"Logged in as: ","level":"info"}
{"message":"NatrammerBot#1203","level":"info"}
{"message":{"shard":null,"users":[],"guilds":[],"channels":[],"user":null},"level":"info"}
{"message":"Connected","level":"info"}
{"message":"Logged in as: ","level":"info"}
{"message":"NatrammerBot#1203","level":"info"}
{"message":"errorTypeError: message.toLowerCase is not a function","level":"info"}
{"message":"errorTypeError: message.toLowerCase is not a function","level":"info"}
{"message":"errorTypeError: message.toLowerCase is not a function","level":"info"}
{"message":"errorTypeError: message.toLowerCase is not a function","level":"info"}
{"message":"errorTypeError: message.toLowerCase is not a function","level":"info"}
{"message":"errorTypeError: message.toLowerCase is not a function","level":"info"}
{"message":"errorTypeError: message.toLowerCase is not a function","level":"info"}
{"message":"errorTypeError: message.toLowerCase is not a function","level":"info"}
{"message":{"shard":null,"users":[],"guilds":[],"channels":[],"user":null},"level":"info"}
{"message":"Connected","level":"info"}
{"message":"Logged in as: ","level":"info"}
{"message":"NatrammerBot#1203","level":"info"}
{"message":{"shard":null,"users":[],"guilds":[],"channels":[],"user":null},"level":"info"}
{"message":"Connected","level":"info"}
{"message":"Logged in as: ","level":"info"}
{"message":"NatrammerBot#1203","level":"info"}
{"message":{"shard":null,"users":[],"guilds":[],"channels":[],"user":null},"level":"info"}
{"message":"Connected","level":"info"}
{"message":"Logged in as: ","level":"info"}
{"message":"NatrammerBot#1203","level":"info"}
{"message":{"shard":null,"users":[],"guilds":[],"channels":[],"user":null},"level":"info"}
{"message":"Connected","level":"info"}
{"message":"Logged in as: ","level":"info"}
{"message":"NatrammerBot#1203","level":"info"}
{"message":{"shard":null,"users":[],"guilds":[],"channels":[],"user":null},"level":"info"}
{"message":"Connected","level":"info"}
{"message":"Logged in as: ","level":"info"}
{"message":"NatrammerBot#1203","level":"info"}
{"message":{"shard":null,"users":[],"guilds":[],"channels":[],"user":null},"level":"info"}
{"message":"Connected","level":"info"}
{"message":"Logged in as: ","level":"info"}
{"message":"NatrammerBot#1203","level":"info"}
{"message":{"shard":null,"users":[],"guilds":[],"channels":[],"user":null},"level":"info"}
{"message":"Connected","level":"info"}
{"message":"Logged in as: ","level":"info"}
{"message":"NatrammerBot#1203","level":"info"}
{"message":{"shard":null,"users":[],"guilds":[],"channels":[],"user":null},"level":"info"}
{"message":"Connected","level":"info"}
{"message":"Logged in as: ","level":"info"}
{"message":"NatrammerBot#1203","level":"info"}
{"message":{"shard":null,"users":[],"guilds":[],"channels":[],"user":null},"level":"info"}
{"message":"Connected","level":"info"}
{"message":"Logged in as: ","level":"info"}
{"message":"NatrammerBot#1203","level":"info"}
{"message":"error :SyntaxError: Unexpected end of JSON input","level":"info"}
{"message":"error :SyntaxError: Unexpected end of JSON input","level":"info"}
{"message":{"shard":null,"users":[],"guilds":[],"channels":[],"user":null},"level":"info"}
{"message":"Connected","level":"info"}
{"message":"Logged in as: ","level":"info"}
{"message":"NatrammerBot#1203","level":"info"}
{"message":{"shard":null,"users":[],"guilds":[],"channels":[],"user":null},"level":"info"}
{"message":"Connected","level":"info"}
{"message":"Logged in as: ","level":"info"}
{"message":"NatrammerBot#1203","level":"info"}
{"message":{"shard":null,"users":[],"guilds":[],"channels":[],"user":null},"level":"info"}
{"message":"Connected","level":"info"}
{"message":"Logged in as: ","level":"info"}
{"message":"NatrammerBot#1203","level":"info"}
{"message":{"shard":null,"users":[],"guilds":[],"channels":[],"user":null},"level":"info"}
{"message":"Connected","level":"info"}
{"message":"Logged in as: ","level":"info"}
{"message":"NatrammerBot#1203","level":"info"}
{"message":"errorReferenceError: message is not defined","level":"info"}
{"message":"errorReferenceError: message is not defined","level":"info"}
{"message":{"shard":null,"users":[],"guilds":[],"channels":[],"user":null},"level":"info"}
{"message":"Connected","level":"info"}
{"message":"Logged in as: ","level":"info"}
{"message":"NatrammerBot#1203","level":"info"}
{"message":"errorReferenceError: message is not defined","level":"info"}
{"message":{"shard":null,"users":[],"guilds":[],"channels":[],"user":null},"level":"info"}
{"message":"Connected","level":"info"}
{"message":"Logged in as: ","level":"info"}
{"message":"NatrammerBot#1203","level":"info"}
{"message":"errorReferenceError: message is not defined","level":"info"}
{"message":{"shard":null,"users":[],"guilds":[],"channels":[],"user":null},"level":"info"}
{"message":"Connected","level":"info"}
{"message":"Logged in as: ","level":"info"}
{"message":"NatrammerBot#1203","level":"info"}
{"message":1,"level":"info"}
{"message":2,"level":"info"}
{"message":3,"level":"info"}
{"message":4,"level":"info"}
{"message":5,"level":"info"}
{"message":6,"level":"info"}
{"message":7,"level":"info"}
{"message":8,"level":"info"}
{"message":9,"level":"info"}
{"message":10,"level":"info"}
{"message":11,"level":"info"}
{"message":12,"level":"info"}
{"message":13,"level":"info"}
{"message":14,"level":"info"}
{"message":15,"level":"info"}
{"message":16,"level":"info"}
{"message":17,"level":"info"}
{"message":18,"level":"info"}
{"message":19,"level":"info"}
{"message":20,"level":"info"}
{"message":21,"level":"info"}
{"message":22,"level":"info"}
{"message":23,"level":"info"}
{"message":24,"level":"info"}
{"message":25,"level":"info"}
{"message":26,"level":"info"}
{"message":27,"level":"info"}
{"message":28,"level":"info"}
{"message":29,"level":"info"}
{"message":30,"level":"info"}
{"message":"errorReferenceError: message is not defined","level":"info"}
{"message":{"shard":null,"users":[],"guilds":[],"channels":[],"user":null},"level":"info"}
{"message":"Connected","level":"info"}
{"message":"Logged in as: ","level":"info"}
{"message":"NatrammerBot#1203","level":"info"}
{"message":1,"level":"info"}
{"message":"errorReferenceError: message is not defined","level":"info"}
{"message":{"shard":null,"users":[],"guilds":[],"channels":[],"user":null},"level":"info"}
{"message":"Connected","level":"info"}
{"message":"Logged in as: ","level":"info"}
{"message":"NatrammerBot#1203","level":"info"}
{"message":1,"level":"info"}
{"message":2,"level":"info"}
{"message":3,"level":"info"}
{"message":4,"level":"info"}
{"message":5,"level":"info"}
{"message":6,"level":"info"}
{"message":7,"level":"info"}
{"message":8,"level":"info"}
{"message":9,"level":"info"}
{"message":10,"level":"info"}
{"message":11,"level":"info"}
{"message":12,"level":"info"}
{"message":13,"level":"info"}
{"message":14,"level":"info"}
{"message":15,"level":"info"}
{"message":16,"level":"info"}
{"message":17,"level":"info"}
{"message":18,"level":"info"}
{"message":19,"level":"info"}
{"message":20,"level":"info"}
{"message":21,"level":"info"}
{"message":22,"level":"info"}
{"message":23,"level":"info"}
{"message":24,"level":"info"}
{"message":25,"level":"info"}
{"message":26,"level":"info"}
{"message":27,"level":"info"}
{"message":28,"level":"info"}
{"message":29,"level":"info"}
{"message":30,"level":"info"}
{"message":1,"level":"info"}
{"message":2,"level":"info"}
{"message":3,"level":"info"}
{"message":4,"level":"info"}
{"message":5,"level":"info"}
{"message":6,"level":"info"}
{"message":7,"level":"info"}
{"message":8,"level":"info"}
{"message":9,"level":"info"}
{"message":10,"level":"info"}
{"message":11,"level":"info"}
{"message":12,"level":"info"}
{"message":13,"level":"info"}
{"message":14,"level":"info"}
{"message":15,"level":"info"}
{"message":16,"level":"info"}
{"message":17,"level":"info"}
{"message":18,"level":"info"}
{"message":19,"level":"info"}
{"message":20,"level":"info"}
{"message":21,"level":"info"}
{"message":22,"level":"info"}
{"message":23,"level":"info"}
{"message":24,"level":"info"}
{"message":25,"level":"info"}
{"message":26,"level":"info"}
{"message":27,"level":"info"}
{"message":28,"level":"info"}
{"message":29,"level":"info"}
{"message":30,"level":"info"}
{"message":{"shard":null,"users":[],"guilds":[],"channels":[],"user":null},"level":"info"}
{"message":"Connected","level":"info"}
{"message":"Logged in as: ","level":"info"}
{"message":"NatrammerBot#1203","level":"info"}
{"message":{"shard":null,"users":[],"guilds":[],"channels":[],"user":null},"level":"info"}
{"message":"Connected","level":"info"}
{"message":"Logged in as: ","level":"info"}
{"message":"NatrammerBot#1203","level":"info"}
{"message":{"shard":null,"users":[],"guilds":[],"channels":[],"user":null},"level":"info"}
{"message":"Connected","level":"info"}
{"message":"Logged in as: ","level":"info"}
{"message":"NatrammerBot#1203","level":"info"}
{"message":"errorReferenceError: MessageEmbed is not defined","level":"info"}
{"message":{"shard":null,"users":[],"guilds":[],"channels":[],"user":null},"level":"info"}
{"message":"Connected","level":"info"}
{"message":"Logged in as: ","level":"info"}
{"message":"NatrammerBot#1203","level":"info"}
{"message":{"shard":null,"users":[],"guilds":[],"channels":[],"user":null},"level":"info"}
{"message":"Connected","level":"info"}
{"message":"Logged in as: ","level":"info"}
{"message":"NatrammerBot#1203","level":"info"}
{"message":{"shard":null,"users":[],"guilds":[],"channels":[],"user":null},"level":"info"}
{"message":"Connected","level":"info"}
{"message":"Logged in as: ","level":"info"}
{"message":"NatrammerBot#1203","level":"info"}
{"message":{"shard":null,"users":[],"guilds":[],"channels":[],"user":null},"level":"info"}
{"message":"Connected","level":"info"}
{"message":"Logged in as: ","level":"info"}
{"message":"NatrammerBot#1203","level":"info"}
